2024/06/16 11:01:11 [warn] 1#1: the "listen ... http2" directive is deprecated, use the "http2" directive instead in /etc/nginx/conf.d/default.conf:14
2024/06/16 11:01:11 [warn] 1#1: the "listen ... http2" directive is deprecated, use the "http2" directive instead in /etc/nginx/conf.d/default.conf:15
2024/06/16 11:01:11 [notice] 1#1: using the "epoll" event method
2024/06/16 11:01:11 [notice] 1#1: nginx/1.27.0
2024/06/16 11:01:11 [notice] 1#1: built by gcc 13.2.1 20231014 (Alpine 13.2.1_git20231014) 
2024/06/16 11:01:11 [notice] 1#1: OS: Linux 5.15.49-linuxkit-pr
2024/06/16 11:01:11 [notice] 1#1: getrlimit(RLIMIT_NOFILE): 1048576:1048576
2024/06/16 11:01:11 [notice] 1#1: start worker processes
2024/06/16 11:01:11 [notice] 1#1: start worker process 29
2024/06/16 11:01:11 [notice] 1#1: start worker process 30
2024/06/16 11:01:11 [notice] 1#1: start worker process 31
2024/06/16 11:01:11 [notice] 1#1: start worker process 32
2024/06/16 11:01:11 [notice] 1#1: start worker process 33
2024/06/16 11:01:11 [notice] 1#1: start worker process 34
2024/06/16 11:02:05 [notice] 1#1: signal 3 (SIGQUIT) received, shutting down
2024/06/16 11:02:05 [notice] 29#29: gracefully shutting down
2024/06/16 11:02:05 [notice] 30#30: gracefully shutting down
2024/06/16 11:02:05 [notice] 31#31: gracefully shutting down
2024/06/16 11:02:05 [notice] 33#33: gracefully shutting down
2024/06/16 11:02:05 [notice] 33#33: exiting
2024/06/16 11:02:05 [notice] 32#32: gracefully shutting down
2024/06/16 11:02:05 [notice] 32#32: exiting
2024/06/16 11:02:05 [notice] 34#34: gracefully shutting down
2024/06/16 11:02:05 [notice] 29#29: exiting
2024/06/16 11:02:05 [notice] 30#30: exiting
2024/06/16 11:02:05 [notice] 33#33: exit
2024/06/16 11:02:05 [notice] 30#30: exit
2024/06/16 11:02:05 [notice] 31#31: exiting
2024/06/16 11:02:05 [notice] 32#32: exit
2024/06/16 11:02:05 [notice] 34#34: exiting
2024/06/16 11:02:05 [notice] 29#29: exit
2024/06/16 11:02:05 [notice] 31#31: exit
2024/06/16 11:02:05 [notice] 34#34: exit
2024/06/16 11:02:05 [notice] 1#1: signal 17 (SIGCHLD) received from 33
2024/06/16 11:02:05 [notice] 1#1: worker process 33 exited with code 0
2024/06/16 11:02:05 [notice] 1#1: signal 29 (SIGIO) received
2024/06/16 11:02:05 [notice] 1#1: signal 17 (SIGCHLD) received from 31
2024/06/16 11:02:05 [notice] 1#1: worker process 31 exited with code 0
2024/06/16 11:02:05 [notice] 1#1: signal 29 (SIGIO) received
2024/06/16 11:02:05 [notice] 1#1: signal 17 (SIGCHLD) received from 30
2024/06/16 11:02:05 [notice] 1#1: worker process 30 exited with code 0
2024/06/16 11:02:05 [notice] 1#1: signal 29 (SIGIO) received
2024/06/16 11:02:05 [notice] 1#1: signal 17 (SIGCHLD) received from 34
2024/06/16 11:02:05 [notice] 1#1: worker process 34 exited with code 0
2024/06/16 11:02:05 [notice] 1#1: signal 29 (SIGIO) received
2024/06/16 11:02:05 [notice] 1#1: signal 17 (SIGCHLD) received from 32
2024/06/16 11:02:05 [notice] 1#1: worker process 32 exited with code 0
2024/06/16 11:02:05 [notice] 1#1: worker process 29 exited with code 0
2024/06/16 11:02:05 [notice] 1#1: exit
2024/06/16 11:02:10 [warn] 1#1: the "listen ... http2" directive is deprecated, use the "http2" directive instead in /etc/nginx/conf.d/default.conf:14
2024/06/16 11:02:10 [warn] 1#1: the "listen ... http2" directive is deprecated, use the "http2" directive instead in /etc/nginx/conf.d/default.conf:15
2024/06/16 11:02:10 [notice] 1#1: using the "epoll" event method
2024/06/16 11:02:10 [notice] 1#1: nginx/1.27.0
2024/06/16 11:02:10 [notice] 1#1: built by gcc 13.2.1 20231014 (Alpine 13.2.1_git20231014) 
2024/06/16 11:02:10 [notice] 1#1: OS: Linux 5.15.49-linuxkit-pr
2024/06/16 11:02:10 [notice] 1#1: getrlimit(RLIMIT_NOFILE): 1048576:1048576
2024/06/16 11:02:10 [notice] 1#1: start worker processes
2024/06/16 11:02:10 [notice] 1#1: start worker process 29
2024/06/16 11:02:10 [notice] 1#1: start worker process 30
2024/06/16 11:02:10 [notice] 1#1: start worker process 31
2024/06/16 11:02:10 [notice] 1#1: start worker process 32
2024/06/16 11:02:10 [notice] 1#1: start worker process 33
2024/06/16 11:02:10 [notice] 1#1: start worker process 34
2024/06/16 12:00:34 [notice] 1#1: signal 3 (SIGQUIT) received, shutting down
2024/06/16 12:00:34 [notice] 29#29: gracefully shutting down
2024/06/16 12:00:34 [notice] 30#30: gracefully shutting down
2024/06/16 12:00:34 [notice] 31#31: gracefully shutting down
2024/06/16 12:00:34 [notice] 33#33: gracefully shutting down
2024/06/16 12:00:34 [notice] 32#32: gracefully shutting down
2024/06/16 12:00:34 [notice] 29#29: exiting
2024/06/16 12:00:34 [notice] 34#34: gracefully shutting down
2024/06/16 12:00:34 [notice] 30#30: exiting
2024/06/16 12:00:34 [notice] 31#31: exiting
2024/06/16 12:00:34 [notice] 33#33: exiting
2024/06/16 12:00:34 [notice] 31#31: exit
2024/06/16 12:00:34 [notice] 32#32: exiting
2024/06/16 12:00:34 [notice] 34#34: exiting
2024/06/16 12:00:34 [notice] 29#29: exit
2024/06/16 12:00:34 [notice] 30#30: exit
2024/06/16 12:00:34 [notice] 33#33: exit
2024/06/16 12:00:34 [notice] 32#32: exit
2024/06/16 12:00:34 [notice] 34#34: exit
2024/06/16 12:00:34 [notice] 1#1: signal 17 (SIGCHLD) received from 30
2024/06/16 12:00:34 [notice] 1#1: worker process 30 exited with code 0
2024/06/16 12:00:34 [notice] 1#1: signal 29 (SIGIO) received
2024/06/16 12:00:34 [notice] 1#1: signal 17 (SIGCHLD) received from 31
2024/06/16 12:00:34 [notice] 1#1: worker process 31 exited with code 0
2024/06/16 12:00:34 [notice] 1#1: signal 29 (SIGIO) received
2024/06/16 12:00:34 [notice] 1#1: signal 17 (SIGCHLD) received from 34
2024/06/16 12:00:34 [notice] 1#1: worker process 32 exited with code 0
2024/06/16 12:00:34 [notice] 1#1: worker process 29 exited with code 0
2024/06/16 12:00:34 [notice] 1#1: worker process 33 exited with code 0
2024/06/16 12:00:34 [notice] 1#1: worker process 34 exited with code 0
2024/06/16 12:00:34 [notice] 1#1: exit
2024/06/16 12:00:39 [warn] 1#1: the "listen ... http2" directive is deprecated, use the "http2" directive instead in /etc/nginx/conf.d/default.conf:14
2024/06/16 12:00:39 [warn] 1#1: the "listen ... http2" directive is deprecated, use the "http2" directive instead in /etc/nginx/conf.d/default.conf:15
2024/06/16 12:00:39 [notice] 1#1: using the "epoll" event method
2024/06/16 12:00:39 [notice] 1#1: nginx/1.27.0
2024/06/16 12:00:39 [notice] 1#1: built by gcc 13.2.1 20231014 (Alpine 13.2.1_git20231014) 
2024/06/16 12:00:39 [notice] 1#1: OS: Linux 5.15.49-linuxkit-pr
2024/06/16 12:00:39 [notice] 1#1: getrlimit(RLIMIT_NOFILE): 1048576:1048576
2024/06/16 12:00:39 [notice] 1#1: start worker processes
2024/06/16 12:00:39 [notice] 1#1: start worker process 28
2024/06/16 12:00:39 [notice] 1#1: start worker process 29
2024/06/16 12:00:39 [notice] 1#1: start worker process 30
2024/06/16 12:00:39 [notice] 1#1: start worker process 31
2024/06/16 12:00:39 [notice] 1#1: start worker process 32
2024/06/16 12:00:39 [notice] 1#1: start worker process 33
2024/06/16 12:01:22 [notice] 1#1: signal 3 (SIGQUIT) received, shutting down
2024/06/16 12:01:22 [notice] 28#28: gracefully shutting down
2024/06/16 12:01:22 [notice] 29#29: gracefully shutting down
2024/06/16 12:01:22 [notice] 32#32: gracefully shutting down
2024/06/16 12:01:22 [notice] 31#31: gracefully shutting down
2024/06/16 12:01:22 [notice] 31#31: exiting
2024/06/16 12:01:22 [notice] 30#30: gracefully shutting down
2024/06/16 12:01:22 [notice] 30#30: exiting
2024/06/16 12:01:22 [notice] 33#33: gracefully shutting down
2024/06/16 12:01:22 [notice] 28#28: exiting
2024/06/16 12:01:22 [notice] 32#32: exiting
2024/06/16 12:01:22 [notice] 31#31: exit
2024/06/16 12:01:22 [notice] 33#33: exiting
2024/06/16 12:01:22 [notice] 30#30: exit
2024/06/16 12:01:22 [notice] 28#28: exit
2024/06/16 12:01:22 [notice] 32#32: exit
2024/06/16 12:01:22 [notice] 33#33: exit
2024/06/16 12:01:22 [notice] 1#1: signal 17 (SIGCHLD) received from 30
2024/06/16 12:01:22 [notice] 1#1: worker process 30 exited with code 0
2024/06/16 12:01:22 [notice] 1#1: signal 29 (SIGIO) received
2024/06/16 12:01:22 [notice] 1#1: signal 17 (SIGCHLD) received from 31
2024/06/16 12:01:22 [notice] 1#1: worker process 31 exited with code 0
2024/06/16 12:01:22 [notice] 1#1: signal 29 (SIGIO) received
2024/06/16 12:01:22 [notice] 1#1: signal 17 (SIGCHLD) received from 32
2024/06/16 12:01:22 [notice] 1#1: worker process 28 exited with code 0
2024/06/16 12:01:22 [notice] 1#1: worker process 32 exited with code 0
2024/06/16 12:01:22 [notice] 1#1: worker process 33 exited with code 0
2024/06/16 12:01:22 [notice] 1#1: signal 29 (SIGIO) received
2024/06/16 12:01:22 [notice] 1#1: signal 17 (SIGCHLD) received from 28
2024/06/16 12:01:38 [warn] 1#1: the "listen ... http2" directive is deprecated, use the "http2" directive instead in /etc/nginx/conf.d/default.conf:14
2024/06/16 12:01:38 [warn] 1#1: the "listen ... http2" directive is deprecated, use the "http2" directive instead in /etc/nginx/conf.d/default.conf:15
2024/06/16 12:01:38 [notice] 1#1: using the "epoll" event method
2024/06/16 12:01:38 [notice] 1#1: nginx/1.27.0
2024/06/16 12:01:38 [notice] 1#1: built by gcc 13.2.1 20231014 (Alpine 13.2.1_git20231014) 
2024/06/16 12:01:38 [notice] 1#1: OS: Linux 5.15.49-linuxkit-pr
2024/06/16 12:01:38 [notice] 1#1: getrlimit(RLIMIT_NOFILE): 1048576:1048576
2024/06/16 12:01:38 [notice] 1#1: start worker processes
2024/06/16 12:01:38 [notice] 1#1: start worker process 29
2024/06/16 12:01:38 [notice] 1#1: start worker process 30
2024/06/16 12:01:38 [notice] 1#1: start worker process 31
2024/06/16 12:01:38 [notice] 1#1: start worker process 32
2024/06/16 12:01:38 [notice] 1#1: start worker process 33
2024/06/16 12:01:38 [notice] 1#1: start worker process 34
2024/06/16 12:22:27 [notice] 1#1: signal 3 (SIGQUIT) received, shutting down
2024/06/16 12:22:27 [notice] 29#29: gracefully shutting down
2024/06/16 12:22:27 [notice] 30#30: gracefully shutting down
2024/06/16 12:22:27 [notice] 34#34: gracefully shutting down
2024/06/16 12:22:27 [notice] 33#33: gracefully shutting down
2024/06/16 12:22:27 [notice] 31#31: gracefully shutting down
2024/06/16 12:22:27 [notice] 32#32: gracefully shutting down
2024/06/16 12:22:27 [notice] 29#29: exiting
2024/06/16 12:22:27 [notice] 30#30: exiting
2024/06/16 12:22:27 [notice] 34#34: exiting
2024/06/16 12:22:27 [notice] 33#33: exiting
2024/06/16 12:22:27 [notice] 31#31: exiting
2024/06/16 12:22:27 [notice] 32#32: exiting
2024/06/16 12:22:27 [notice] 29#29: exit
2024/06/16 12:22:27 [notice] 30#30: exit
2024/06/16 12:22:27 [notice] 34#34: exit
2024/06/16 12:22:27 [notice] 33#33: exit
2024/06/16 12:22:27 [notice] 31#31: exit
2024/06/16 12:22:27 [notice] 32#32: exit
2024/06/16 12:22:27 [notice] 1#1: signal 17 (SIGCHLD) received from 30
2024/06/16 12:22:27 [notice] 1#1: worker process 30 exited with code 0
2024/06/16 12:22:27 [notice] 1#1: signal 29 (SIGIO) received
2024/06/16 12:22:27 [notice] 1#1: signal 17 (SIGCHLD) received from 34
2024/06/16 12:22:27 [notice] 1#1: worker process 34 exited with code 0
2024/06/16 12:22:27 [notice] 1#1: signal 29 (SIGIO) received
2024/06/16 12:22:27 [notice] 1#1: signal 17 (SIGCHLD) received from 29
2024/06/16 12:22:27 [notice] 1#1: worker process 29 exited with code 0
2024/06/16 12:22:27 [notice] 1#1: worker process 31 exited with code 0
2024/06/16 12:22:27 [notice] 1#1: worker process 32 exited with code 0
2024/06/16 12:22:27 [notice] 1#1: worker process 33 exited with code 0
2024/06/16 12:22:27 [notice] 1#1: signal 17 (SIGCHLD) received from 33
2024/06/16 12:22:27 [notice] 1#1: exit
2024/06/16 12:22:50 [warn] 1#1: the "listen ... http2" directive is deprecated, use the "http2" directive instead in /etc/nginx/conf.d/default.conf:14
2024/06/16 12:22:50 [warn] 1#1: the "listen ... http2" directive is deprecated, use the "http2" directive instead in /etc/nginx/conf.d/default.conf:15
2024/06/16 12:22:50 [notice] 1#1: using the "epoll" event method
2024/06/16 12:22:50 [notice] 1#1: nginx/1.27.0
2024/06/16 12:22:50 [notice] 1#1: built by gcc 13.2.1 20231014 (Alpine 13.2.1_git20231014) 
2024/06/16 12:22:50 [notice] 1#1: OS: Linux 5.15.49-linuxkit-pr
2024/06/16 12:22:50 [notice] 1#1: getrlimit(RLIMIT_NOFILE): 1048576:1048576
2024/06/16 12:22:50 [notice] 1#1: start worker processes
2024/06/16 12:22:50 [notice] 1#1: start worker process 29
2024/06/16 12:22:50 [notice] 1#1: start worker process 30
2024/06/16 12:22:50 [notice] 1#1: start worker process 31
2024/06/16 12:22:50 [notice] 1#1: start worker process 32
2024/06/16 12:22:50 [notice] 1#1: start worker process 33
2024/06/16 12:22:50 [notice] 1#1: start worker process 34
2024/06/16 12:25:31 [notice] 1#1: signal 3 (SIGQUIT) received, shutting down
2024/06/16 12:25:31 [notice] 29#29: gracefully shutting down
2024/06/16 12:25:31 [notice] 32#32: gracefully shutting down
2024/06/16 12:25:31 [notice] 32#32: exiting
2024/06/16 12:25:31 [notice] 34#34: gracefully shutting down
2024/06/16 12:25:31 [notice] 32#32: exit
2024/06/16 12:25:31 [notice] 30#30: gracefully shutting down
2024/06/16 12:25:31 [notice] 30#30: exiting
2024/06/16 12:25:31 [notice] 31#31: gracefully shutting down
2024/06/16 12:25:31 [notice] 33#33: gracefully shutting down
2024/06/16 12:25:31 [notice] 29#29: exiting
2024/06/16 12:25:31 [notice] 34#34: exiting
2024/06/16 12:25:31 [notice] 30#30: exit
2024/06/16 12:25:31 [notice] 31#31: exiting
2024/06/16 12:25:31 [notice] 33#33: exiting
2024/06/16 12:25:31 [notice] 29#29: exit
2024/06/16 12:25:31 [notice] 34#34: exit
2024/06/16 12:25:31 [notice] 31#31: exit
2024/06/16 12:25:31 [notice] 33#33: exit
2024/06/16 12:25:31 [notice] 1#1: signal 17 (SIGCHLD) received from 32
2024/06/16 12:25:31 [notice] 1#1: worker process 32 exited with code 0
2024/06/16 12:25:31 [notice] 1#1: signal 29 (SIGIO) received
2024/06/16 12:25:31 [notice] 1#1: signal 17 (SIGCHLD) received from 30
2024/06/16 12:25:31 [notice] 1#1: worker process 30 exited with code 0
2024/06/16 12:25:31 [notice] 1#1: signal 29 (SIGIO) received
2024/06/16 12:25:31 [notice] 1#1: signal 17 (SIGCHLD) received from 34
2024/06/16 12:25:31 [notice] 1#1: worker process 34 exited with code 0
2024/06/16 12:25:31 [notice] 1#1: signal 29 (SIGIO) received
2024/06/16 12:25:31 [notice] 1#1: signal 17 (SIGCHLD) received from 29
2024/06/16 12:25:31 [notice] 1#1: worker process 29 exited with code 0
2024/06/16 12:25:31 [notice] 1#1: worker process 31 exited with code 0
2024/06/16 12:25:31 [notice] 1#1: worker process 33 exited with code 0
2024/06/16 12:25:31 [notice] 1#1: exit
2024/06/16 12:25:44 [warn] 1#1: the "listen ... http2" directive is deprecated, use the "http2" directive instead in /etc/nginx/conf.d/default.conf:14
2024/06/16 12:25:44 [warn] 1#1: the "listen ... http2" directive is deprecated, use the "http2" directive instead in /etc/nginx/conf.d/default.conf:15
2024/06/16 12:25:44 [notice] 1#1: using the "epoll" event method
2024/06/16 12:25:44 [notice] 1#1: nginx/1.27.0
2024/06/16 12:25:44 [notice] 1#1: built by gcc 13.2.1 20231014 (Alpine 13.2.1_git20231014) 
2024/06/16 12:25:44 [notice] 1#1: OS: Linux 5.15.49-linuxkit-pr
2024/06/16 12:25:44 [notice] 1#1: getrlimit(RLIMIT_NOFILE): 1048576:1048576
2024/06/16 12:25:44 [notice] 1#1: start worker processes
2024/06/16 12:25:44 [notice] 1#1: start worker process 28
2024/06/16 12:25:44 [notice] 1#1: start worker process 29
2024/06/16 12:25:44 [notice] 1#1: start worker process 30
2024/06/16 12:25:44 [notice] 1#1: start worker process 31
2024/06/16 12:25:44 [notice] 1#1: start worker process 32
2024/06/16 12:25:44 [notice] 1#1: start worker process 33
2024/06/16 12:27:56 [notice] 1#1: signal 3 (SIGQUIT) received, shutting down
2024/06/16 12:27:56 [notice] 28#28: gracefully shutting down
2024/06/16 12:27:56 [notice] 30#30: gracefully shutting down
2024/06/16 12:27:56 [notice] 32#32: gracefully shutting down
2024/06/16 12:27:56 [notice] 29#29: gracefully shutting down
2024/06/16 12:27:56 [notice] 29#29: exiting
2024/06/16 12:27:56 [notice] 31#31: gracefully shutting down
2024/06/16 12:27:56 [notice] 31#31: exiting
2024/06/16 12:27:56 [notice] 33#33: gracefully shutting down
2024/06/16 12:27:56 [notice] 28#28: exiting
2024/06/16 12:27:56 [notice] 30#30: exiting
2024/06/16 12:27:56 [notice] 31#31: exit
2024/06/16 12:27:56 [notice] 28#28: exit
2024/06/16 12:27:56 [notice] 30#30: exit
2024/06/16 12:27:56 [notice] 32#32: exiting
2024/06/16 12:27:56 [notice] 33#33: exiting
2024/06/16 12:27:56 [notice] 29#29: exit
2024/06/16 12:27:56 [notice] 32#32: exit
2024/06/16 12:27:56 [notice] 33#33: exit
2024/06/16 12:27:56 [notice] 1#1: signal 17 (SIGCHLD) received from 30
2024/06/16 12:27:56 [notice] 1#1: worker process 28 exited with code 0
2024/06/16 12:27:56 [notice] 1#1: worker process 30 exited with code 0
2024/06/16 12:27:56 [notice] 1#1: signal 29 (SIGIO) received
2024/06/16 12:27:56 [notice] 1#1: signal 17 (SIGCHLD) received from 33
2024/06/16 12:27:56 [notice] 1#1: worker process 33 exited with code 0
2024/06/16 12:27:56 [notice] 1#1: worker process 29 exited with code 0
2024/06/16 12:27:56 [notice] 1#1: worker process 31 exited with code 0
2024/06/16 12:27:56 [notice] 1#1: worker process 32 exited with code 0
2024/06/16 12:27:56 [notice] 1#1: exit
2024/06/16 12:28:03 [warn] 1#1: the "listen ... http2" directive is deprecated, use the "http2" directive instead in /etc/nginx/conf.d/default.conf:14
2024/06/16 12:28:03 [warn] 1#1: the "listen ... http2" directive is deprecated, use the "http2" directive instead in /etc/nginx/conf.d/default.conf:15
2024/06/16 12:28:03 [notice] 1#1: using the "epoll" event method
2024/06/16 12:28:03 [notice] 1#1: nginx/1.27.0
2024/06/16 12:28:03 [notice] 1#1: built by gcc 13.2.1 20231014 (Alpine 13.2.1_git20231014) 
2024/06/16 12:28:03 [notice] 1#1: OS: Linux 5.15.49-linuxkit-pr
2024/06/16 12:28:03 [notice] 1#1: getrlimit(RLIMIT_NOFILE): 1048576:1048576
2024/06/16 12:28:03 [notice] 1#1: start worker processes
2024/06/16 12:28:03 [notice] 1#1: start worker process 29
2024/06/16 12:28:03 [notice] 1#1: start worker process 30
2024/06/16 12:28:03 [notice] 1#1: start worker process 31
2024/06/16 12:28:03 [notice] 1#1: start worker process 32
2024/06/16 12:28:03 [notice] 1#1: start worker process 33
2024/06/16 12:28:03 [notice] 1#1: start worker process 34
